The target system is: Generic -  - 
The host system is: Windows - 10.0.22631 - AMD64
Compiling the C compiler identification source file "CMakeCCompilerId.c" succeeded.
Compiler: c:/Users/ChadPeng/.vcpkg/artifacts/2139c4c6/compilers.arm.armclang/6.22.0/bin/armclang.exe 
Build flags: -mcpu=Cortex-M7;-mfpu=fpv5-d16;-mfloat-abi=hard
Id flags: --target=arm-arm-none-eabi;-mcpu=cortex-m3 

The output was:
0


Compilation of the C compiler identification source "CMakeCCompilerId.c" produced "a.out"

The C compiler identification is ARMClang, found in "D:/my_project/ELECAP/MDK-ARM/build/CMakeFiles/3.25.2/CompilerIdC/a.out"

Detecting C compiler ABI info compiled with the following output:
Change Dir: D:/my_project/ELECAP/MDK-ARM/build/CMakeFiles/CMakeScratch/TryCompile-an2qco

Run Build Command(s):C:/Users/ChadPeng/.vcpkg/artifacts/vcpkg-ce-default/tools.ninja.build.ninja/1.10.2/ninja.exe cmTC_b8fe1 && [1/2] Building C object CMakeFiles/cmTC_b8fe1.dir/CMakeCCompilerABI.o
Product: Keil MDK Community (non-commercial free of charge)
Component: Arm Compiler for Embedded 6.22
Tool: armclang [5ee92100]

Target: arm-arm-none-eabi
 (in-process)
 "C:\\Users\\ChadPeng\\.vcpkg\\artifacts\\2139c4c6\\compilers.arm.armclang\\6.22.0\\bin\\armclang.exe" -cc1 -triple thumbv7em-arm-none-eabihf -emit-obj -mrelax-all -disable-free -clear-ast-before-backend -disable-llvm-verifier -discard-value-names -main-file-name CMakeCCompilerABI.c -mrelocation-model static -mframe-pointer=none -menable-no-infs -menable-no-nans -fmath-errno -fno-signed-zeros -fdenormal-fp-math=preserve-sign,preserve-sign -ffp-contract=on -fno-rounding-math -ffinite-math-only -mconstructor-aliases -target-cpu cortex-m7 -target-feature +vfp2 -target-feature +vfp2sp -target-feature -vfp3 -target-feature +vfp3d16 -target-feature +vfp3d16sp -target-feature -vfp3sp -target-feature +fp16 -target-feature -vfp4 -target-feature +vfp4d16 -target-feature +vfp4d16sp -target-feature -vfp4sp -target-feature -fp-armv8 -target-feature +fp-armv8d16 -target-feature +fp-armv8d16sp -target-feature -fp-armv8sp -target-feature -fullfp16 -target-feature +fp64 -target-feature -d32 -target-feature -neon -target-feature -sha2 -target-feature -aes -target-feature -fp16fml -target-abi aapcs -mfloat-abi hard -debugger-tuning=gdb -fforce-dwarf-frame "-fdebug-compilation-dir=D:\\my_project\\ELECAP\\MDK-ARM\\build\\CMakeFiles\\CMakeScratch\\TryCompile-an2qco" -v -ffunction-sections -fdata-sections "-fcoverage-compilation-dir=D:\\my_project\\ELECAP\\MDK-ARM\\build\\CMakeFiles\\CMakeScratch\\TryCompile-an2qco" -resource-dir "C:\\Users\\ChadPeng\\.vcpkg\\artifacts\\2139c4c6\\compilers.arm.armclang\\6.22.0\\lib\\clang\\19" -dependency-file "CMakeFiles\\cmTC_b8fe1.dir\\CMakeCCompilerABI.o.d" -MT CMakeFiles/cmTC_b8fe1.dir/CMakeCCompilerABI.o -sys-header-deps -internal-isystem "C:\\Users\\ChadPeng\\.vcpkg\\artifacts\\2139c4c6\\compilers.arm.armclang\\6.22.0\\bin\\..\\include" -nobuiltininc -ferror-limit 19 -fvisibility=hidden -fno-signed-char -fgnuc-version=4.2.1 -fskip-odr-check-in-gmf -fsuppress-licensing -aggressive-jump-threading -o CMakeFiles/cmTC_b8fe1.dir/CMakeCCompilerABI.o -x c C:/Users/ChadPeng/.vcpkg/artifacts/vcpkg-ce-default/tools.kitware.cmake/3.25.2/share/cmake-3.25/Modules/CMakeCCompilerABI.c
Arm Compiler for Embedded 6.22 -cc1 default target aarch64-arm-none-eabi
#include "..." search starts here:
#include <...> search starts here:
 C:\Users\ChadPeng\.vcpkg\artifacts\2139c4c6\compilers.arm.armclang\6.22.0\bin\..\include
End of search list.
[2/2] Linking C static library libcmTC_b8fe1.a



Parsed C implicit include dir info from above output: rv=done
  found start of include info
  found start of implicit include info
    add: [C:/Users/ChadPeng/.vcpkg/artifacts/2139c4c6/compilers.arm.armclang/6.22.0/bin/../include]
  end of search list found
  collapse include dir [C:/Users/ChadPeng/.vcpkg/artifacts/2139c4c6/compilers.arm.armclang/6.22.0/bin/../include] ==> [C:/Users/ChadPeng/.vcpkg/artifacts/2139c4c6/compilers.arm.armclang/6.22.0/include]
  implicit include dirs: [C:/Users/ChadPeng/.vcpkg/artifacts/2139c4c6/compilers.arm.armclang/6.22.0/include]


Parsed C implicit link information from above output:
  link line regex: [^( *|.*[/\])(armlink\.exe|CMAKE_LINK_STARTFILE-NOTFOUND|([^/\]+-)?ld|collect2)[^/\]*( |$)]
  ignore line: [Change Dir: D:/my_project/ELECAP/MDK-ARM/build/CMakeFiles/CMakeScratch/TryCompile-an2qco]
  ignore line: []
  ignore line: [Run Build Command(s):C:/Users/ChadPeng/.vcpkg/artifacts/vcpkg-ce-default/tools.ninja.build.ninja/1.10.2/ninja.exe cmTC_b8fe1 && [1/2] Building C object CMakeFiles/cmTC_b8fe1.dir/CMakeCCompilerABI.o]
  ignore line: [Product: Keil MDK Community (non-commercial free of charge)]
  ignore line: [Component: Arm Compiler for Embedded 6.22]
  ignore line: [Tool: armclang [5ee92100]]
  ignore line: []
  ignore line: [Target: arm-arm-none-eabi]
  ignore line: [ (in-process)]
  ignore line: [ "C:\\Users\\ChadPeng\\.vcpkg\\artifacts\\2139c4c6\\compilers.arm.armclang\\6.22.0\\bin\\armclang.exe" -cc1 -triple thumbv7em-arm-none-eabihf -emit-obj -mrelax-all -disable-free -clear-ast-before-backend -disable-llvm-verifier -discard-value-names -main-file-name CMakeCCompilerABI.c -mrelocation-model static -mframe-pointer=none -menable-no-infs -menable-no-nans -fmath-errno -fno-signed-zeros -fdenormal-fp-math=preserve-sign preserve-sign -ffp-contract=on -fno-rounding-math -ffinite-math-only -mconstructor-aliases -target-cpu cortex-m7 -target-feature +vfp2 -target-feature +vfp2sp -target-feature -vfp3 -target-feature +vfp3d16 -target-feature +vfp3d16sp -target-feature -vfp3sp -target-feature +fp16 -target-feature -vfp4 -target-feature +vfp4d16 -target-feature +vfp4d16sp -target-feature -vfp4sp -target-feature -fp-armv8 -target-feature +fp-armv8d16 -target-feature +fp-armv8d16sp -target-feature -fp-armv8sp -target-feature -fullfp16 -target-feature +fp64 -target-feature -d32 -target-feature -neon -target-feature -sha2 -target-feature -aes -target-feature -fp16fml -target-abi aapcs -mfloat-abi hard -debugger-tuning=gdb -fforce-dwarf-frame "-fdebug-compilation-dir=D:\\my_project\\ELECAP\\MDK-ARM\\build\\CMakeFiles\\CMakeScratch\\TryCompile-an2qco" -v -ffunction-sections -fdata-sections "-fcoverage-compilation-dir=D:\\my_project\\ELECAP\\MDK-ARM\\build\\CMakeFiles\\CMakeScratch\\TryCompile-an2qco" -resource-dir "C:\\Users\\ChadPeng\\.vcpkg\\artifacts\\2139c4c6\\compilers.arm.armclang\\6.22.0\\lib\\clang\\19" -dependency-file "CMakeFiles\\cmTC_b8fe1.dir\\CMakeCCompilerABI.o.d" -MT CMakeFiles/cmTC_b8fe1.dir/CMakeCCompilerABI.o -sys-header-deps -internal-isystem "C:\\Users\\ChadPeng\\.vcpkg\\artifacts\\2139c4c6\\compilers.arm.armclang\\6.22.0\\bin\\..\\include" -nobuiltininc -ferror-limit 19 -fvisibility=hidden -fno-signed-char -fgnuc-version=4.2.1 -fskip-odr-check-in-gmf -fsuppress-licensing -aggressive-jump-threading -o CMakeFiles/cmTC_b8fe1.dir/CMakeCCompilerABI.o -x c C:/Users/ChadPeng/.vcpkg/artifacts/vcpkg-ce-default/tools.kitware.cmake/3.25.2/share/cmake-3.25/Modules/CMakeCCompilerABI.c]
  ignore line: [Arm Compiler for Embedded 6.22 -cc1 default target aarch64-arm-none-eabi]
  ignore line: [#include "..." search starts here:]
  ignore line: [#include <...> search starts here:]
  ignore line: [ C:\Users\ChadPeng\.vcpkg\artifacts\2139c4c6\compilers.arm.armclang\6.22.0\bin\..\include]
  ignore line: [End of search list.]
  ignore line: [[2/2] Linking C static library libcmTC_b8fe1.a]
  ignore line: []
  ignore line: []
  implicit libs: []
  implicit objs: []
  implicit dirs: []
  implicit fwks: []


